<?xml version="1.0" encoding="UTF-8"?>
<!-- Generated by org.testng.reporters.JUnitReportReporter -->
<testsuite skipped="0" hostname="rajib" name="tests.NewTest" tests="1" failures="0" timestamp="20 Jul 2019 04:31:06 GMT" time="49.819" errors="0">
  <testcase name="openMyBlog" time="49.819" classname="tests.NewTest"/>
</testsuite> <!-- tests.NewTest -->
